{
  "stats": {
    "suites": 1,
    "tests": 1,
    "passes": 0,
    "pending": 0,
    "failures": 1,
    "start": "2024-02-29T18:38:56.038Z",
    "end": "2024-02-29T18:38:57.506Z",
    "duration": 1468,
    "testsRegistered": 1,
    "passPercent": 0,
    "pendingPercent": 0,
    "other": 0,
    "hasOther": false,
    "skipped": 0,
    "hasSkipped": false
  },
  "results": [
    {
      "uuid": "eef5f046-2fac-45aa-b42e-3c80662dd1e9",
      "title": "",
      "fullFile": "cypress\\e2e\\Auth\\Verifyemail.cy.js",
      "file": "cypress\\e2e\\Auth\\Verifyemail.cy.js",
      "beforeHooks": [],
      "afterHooks": [],
      "tests": [],
      "suites": [
        {
          "uuid": "ca522a95-b674-4cd5-b08a-af5bcbd03ce7",
          "title": "MailSlurp Example",
          "fullFile": "",
          "file": "",
          "beforeHooks": [],
          "afterHooks": [],
          "tests": [
            {
              "title": "Verify Email using MailSlurp",
              "fullTitle": "MailSlurp Example Verify Email using MailSlurp",
              "timedOut": null,
              "duration": 1364,
              "state": "failed",
              "speed": null,
              "pass": false,
              "fail": true,
              "pending": false,
              "context": null,
              "code": "// สร้างที่อยู่อีเมลชั่วคราว\ncy.request({\n  method: \"POST\",\n  url: \"https://api.mailslurp.com/inboxes\",\n  headers: {\n    \"x-api-key\": API_KEY // ใส่ API Key ของคุณที่นี่\n  }\n}).then(response => {\n  const emailAddress = response.body.emailAddress;\n  // ทำบางอย่างเช่นลงทะเบียนหรือเรียกใช้งาน\n  cy.visit(BASE_URL);\n  cy.get(`.border-r-\\\\[\\\\#20476b\\\\]`).click();\n  cy.get(\"div:nth-child(1) > .relative > #username\").type(`userName${new Date().getSeconds()}`);\n  cy.get(\"div:nth-child(1) > .relative > #firstName\").type(_User.user1.firstName);\n  cy.get(\"div:nth-child(1) > .relative > #lastName\").type(_User.user1.lastName);\n  cy.get(\"div:nth-child(1) > .relative > #email\").type(`emailTest${new Date().getSeconds()}@test.com`);\n  cy.get(\"div:nth-child(1) > .relative > #password\").type(_User.user1.password);\n  cy.get(\"div:nth-child(1) > .relative > #confirm_password\").type(_User.user1.confirmPassword);\n  cy.get(\"#accept-term-btn\").click();\n  cy.wait(2000);\n  cy.get(\"div:nth-child(1) > #setup-user-submit\").click();\n  cy.contains(\"Creating your account...\").should(\"exist\");\n  cy.wait(3000);\n  cy.contains(\"Created your account and Please verify your email\").should(\"exist\");\n  // รอรับอีเมล\n  cy.wait(2000); // รออีเมล 10 วินาที\n  // ดึงอีเมลล่าสุด\n  cy.request({\n    method: \"GET\",\n    url: `https://api.mailslurp.com/inboxes/${emailAddress}/`,\n    headers: {\n      \"x-api-key\": API_KEY\n    },\n    failOnStatusCode: false\n  }).then(emailsResponse => {\n    cy.log(\"emailResponse\", emailsResponse);\n    const latestEmailID = emailsResponse.body[0]; // เลือกอีเมลล่าสุดจากอาเรย์ emailsResponse.body\n    cy.log(\"latestEmail\", latestEmailID);\n    if (latestEmailID) {\n      // ตรวจสอบว่ามี latestEmail หรือไม่ก่อนนำไปใช้งาน\n      cy.request({\n        method: \"GET\",\n        url: `https://api.mailslurp.com/emails/${emailAddress}/${latestEmailID}`,\n        // url: `https://api.mailslurp.com/emails/22619953-0872-45d2-ba50-c745d0920af4@mailslurp.net`,\n        // url: `https://api.mailslurp.com/emails/${inboxId}/${emailId}`,\n        headers: {\n          \"x-api-key\": API_KEY\n        }\n        // failOnStatusCode: false,\n      }).then(emailsResponse => {\n        cy.log(\"emailResponse\", emailsResponse);\n        const latestEmail = emailsResponse.body[0];\n        if (latestEmail && latestEmail.body) {\n          const emailHtmlContent = latestEmail.body;\n          const linkRegex = /<a href=\"(http:\\/\\/localhost:3000\\/auth\\/email\\/)\">Verify Email<\\/a>/;\n          const linkMatch = emailHtmlContent.match(linkRegex);\n          if (linkMatch && linkMatch.length > 0) {\n            const verifyEmailLink = linkMatch[1]; // ตำแหน่งที่ 1 ใน linkMatch เป็น URL ที่ต้องการ\n            cy.log(\"Verify Email Link:\", verifyEmailLink);\n            // คลิกลิงก์ \"Verify Email\" เพื่อยืนยัน\n            cy.visit(verifyEmailLink);\n          } else {\n            cy.log(\"Verify Email link not found in email content.\");\n          }\n        } else {\n          cy.log(\"Latest email or email body not found.\");\n        }\n      });\n    } else {\n      // กรณีที่ไม่มี latestEmail\n      cy.log(\"Latest email not found.\");\n    }\n  });\n});",
              "err": {
                "message": "CypressError: `cy.request()` failed on:\n\nhttps://api.mailslurp.com/inboxes\n\nThe response we received from your web server was:\n\n  > 426: Upgrade Required\n\nThis was considered a failure because the status code was not `2xx` or `3xx`.\n\nIf you do not want status codes to cause failures pass the option: `failOnStatusCode: false`\n\n-----------------------------------------------------------\n\nThe request we sent was:\n\nMethod: POST\nURL: https://api.mailslurp.com/inboxes\nHeaders: {\n  \"Connection\": \"keep-alive\",\n  \"x-api-key\": \"b1a03a68dcbc3d30c44e6ac4fa4f3139e46bc2d7c03b78163d3c5b33b5688363\",\n  \"user-agent\": \"Mozilla/5.0 (Windows NT 10.0; Win64; x64) AppleWebKit/537.36 (KHTML, like Gecko) Cypress/13.6.4 Chrome/114.0.5735.289 Electron/25.8.4 Safari/537.36\",\n  \"accept\": \"*/*\",\n  \"accept-encoding\": \"gzip, deflate\",\n  \"content-length\": 0\n}\n\n-----------------------------------------------------------\n\nThe response we got was:\n\nStatus: 426 - Upgrade Required\nHeaders: {\n  \"date\": \"Thu, 29 Feb 2024 18:38:59 GMT\",\n  \"content-type\": \"text/plain;charset=UTF-8\",\n  \"content-length\": \"892\",\n  \"connection\": \"keep-alive\",\n  \"vary\": \"Origin, Access-Control-Request-Method, Access-Control-Request-Headers\",\n  \"x-xss-protection\": \"1; mode=block\",\n  \"referrer-policy\": \"same-origin\",\n  \"strict-transport-security\": \"max-age=63072000; includeSubdomains; preload\",\n  \"x-content-type-options\": \"nosniff\",\n  \"content-security-policy\": \"default-src https: 'self' app.mailslurp.com *.mailslurp.com *.mailslurp.link *.mailslurp.dev http://localhost:3000; object-src none; frame-ancestors 'self' app.mailslurp.com *.mailslurp.com *.mailslurp.link *.mailslurp.dev http://localhost:3000; img-src * data: 'unsafe-inline'; style-src * data: 'unsafe-inline';\",\n  \"cache-control\": \"no-cache, no-store, max-age=0, must-revalidate\",\n  \"pragma\": \"no-cache\",\n  \"expires\": \"0\",\n  \"x-frame-options\": \"DENY\"\n}\nBody: {\n  \"message\" : \"Action not permitted. Message: `Your current free account CreateInbox feature limit MONTHLY_COUNT has been exceeded. Upgrade your account to increase usage and abilities. Current value = >= 50. Plan limit = 50`. Please upgrade your account. View your account dashboard at https://app.mailslurp.com/login/. For more usage see pricing page . For more help contact support on contact@mailslurp.dev\",\n  \"caseNumber\" : \"CASE-NF-ddbec0f9-6f43-47e2-897f-181ca269a4e8\",\n  \"errorClass\" : \"Error426UpgradeRequired\",\n  \"errorCode\" : \"E_001_UNEXPECTED_ERROR\",\n  \"userId\" : null,\n  \"path\" : \"/inboxes\",\n  \"method\" : \"POST\",\n  \"comment\" : \"If your error persists please submit a ticket at `https://www.mailslurp.com/support/`. Please include your error `caseNumber` if available to help support debug the issue. Sharing screenshots or samples of your code will help the team understand.\"\n}\n\n\nhttps://on.cypress.io/request",
                "estack": "CypressError: `cy.request()` failed on:\n\nhttps://api.mailslurp.com/inboxes\n\nThe response we received from your web server was:\n\n  > 426: Upgrade Required\n\nThis was considered a failure because the status code was not `2xx` or `3xx`.\n\nIf you do not want status codes to cause failures pass the option: `failOnStatusCode: false`\n\n-----------------------------------------------------------\n\nThe request we sent was:\n\nMethod: POST\nURL: https://api.mailslurp.com/inboxes\nHeaders: {\n  \"Connection\": \"keep-alive\",\n  \"x-api-key\": \"b1a03a68dcbc3d30c44e6ac4fa4f3139e46bc2d7c03b78163d3c5b33b5688363\",\n  \"user-agent\": \"Mozilla/5.0 (Windows NT 10.0; Win64; x64) AppleWebKit/537.36 (KHTML, like Gecko) Cypress/13.6.4 Chrome/114.0.5735.289 Electron/25.8.4 Safari/537.36\",\n  \"accept\": \"*/*\",\n  \"accept-encoding\": \"gzip, deflate\",\n  \"content-length\": 0\n}\n\n-----------------------------------------------------------\n\nThe response we got was:\n\nStatus: 426 - Upgrade Required\nHeaders: {\n  \"date\": \"Thu, 29 Feb 2024 18:38:59 GMT\",\n  \"content-type\": \"text/plain;charset=UTF-8\",\n  \"content-length\": \"892\",\n  \"connection\": \"keep-alive\",\n  \"vary\": \"Origin, Access-Control-Request-Method, Access-Control-Request-Headers\",\n  \"x-xss-protection\": \"1; mode=block\",\n  \"referrer-policy\": \"same-origin\",\n  \"strict-transport-security\": \"max-age=63072000; includeSubdomains; preload\",\n  \"x-content-type-options\": \"nosniff\",\n  \"content-security-policy\": \"default-src https: 'self' app.mailslurp.com *.mailslurp.com *.mailslurp.link *.mailslurp.dev http://localhost:3000; object-src none; frame-ancestors 'self' app.mailslurp.com *.mailslurp.com *.mailslurp.link *.mailslurp.dev http://localhost:3000; img-src * data: 'unsafe-inline'; style-src * data: 'unsafe-inline';\",\n  \"cache-control\": \"no-cache, no-store, max-age=0, must-revalidate\",\n  \"pragma\": \"no-cache\",\n  \"expires\": \"0\",\n  \"x-frame-options\": \"DENY\"\n}\nBody: {\n  \"message\" : \"Action not permitted. Message: `Your current free account CreateInbox feature limit MONTHLY_COUNT has been exceeded. Upgrade your account to increase usage and abilities. Current value = >= 50. Plan limit = 50`. Please upgrade your account. View your account dashboard at https://app.mailslurp.com/login/. For more usage see pricing page . For more help contact support on contact@mailslurp.dev\",\n  \"caseNumber\" : \"CASE-NF-ddbec0f9-6f43-47e2-897f-181ca269a4e8\",\n  \"errorClass\" : \"Error426UpgradeRequired\",\n  \"errorCode\" : \"E_001_UNEXPECTED_ERROR\",\n  \"userId\" : null,\n  \"path\" : \"/inboxes\",\n  \"method\" : \"POST\",\n  \"comment\" : \"If your error persists please submit a ticket at `https://www.mailslurp.com/support/`. Please include your error `caseNumber` if available to help support debug the issue. Sharing screenshots or samples of your code will help the team understand.\"\n}\n\n\nhttps://on.cypress.io/request\n    at <unknown> (http://localhost:5173/__cypress/runner/cypress_runner.js:133028:72)\n    at tryCatcher (http://localhost:5173/__cypress/runner/cypress_runner.js:1807:23)\n    at Promise._settlePromiseFromHandler (http://localhost:5173/__cypress/runner/cypress_runner.js:1519:31)\n    at Promise._settlePromise (http://localhost:5173/__cypress/runner/cypress_runner.js:1576:18)\n    at Promise._settlePromise0 (http://localhost:5173/__cypress/runner/cypress_runner.js:1621:10)\n    at Promise._settlePromises (http://localhost:5173/__cypress/runner/cypress_runner.js:1701:18)\n    at _drainQueueStep (http://localhost:5173/__cypress/runner/cypress_runner.js:2407:12)\n    at _drainQueue (http://localhost:5173/__cypress/runner/cypress_runner.js:2400:9)\n    at Async._drainQueues (http://localhost:5173/__cypress/runner/cypress_runner.js:2416:5)\n    at Async.drainQueues (http://localhost:5173/__cypress/runner/cypress_runner.js:2286:14)\nFrom Your Spec Code:\n    at Context.eval (webpack://ware-ring-test/./cypress/e2e/Auth/Verifyemail.cy.js:9:7)",
                "diff": null
              },
              "uuid": "2090a7de-e403-4c2c-bf23-d4f59bd7381e",
              "parentUUID": "ca522a95-b674-4cd5-b08a-af5bcbd03ce7",
              "isHook": false,
              "skipped": false
            }
          ],
          "suites": [],
          "passes": [],
          "failures": [
            "2090a7de-e403-4c2c-bf23-d4f59bd7381e"
          ],
          "pending": [],
          "skipped": [],
          "duration": 1364,
          "root": false,
          "rootEmpty": false,
          "_timeout": 2000
        }
      ],
      "passes": [],
      "failures": [],
      "pending": [],
      "skipped": [],
      "duration": 0,
      "root": true,
      "rootEmpty": true,
      "_timeout": 2000
    }
  ],
  "meta": {
    "mocha": {
      "version": "7.0.1"
    },
    "mochawesome": {
      "options": {
        "quiet": false,
        "reportFilename": "mochawesome",
        "saveHtml": true,
        "saveJson": true,
        "consoleReporter": "spec",
        "useInlineDiffs": false,
        "code": true
      },
      "version": "7.1.3"
    },
    "marge": {
      "options": null,
      "version": "6.2.0"
    }
  }
}